[start : 2017-09-13 11:34:25]
  -- check : 2017-09-13 11:34:25
  -----> K_D_902_M0002_20170901.csv
  -- upload : 2017-09-13 11:34:37
  -----> K_D_902_M0002_20170901.csv
  -- consignors : 2017-09-13 11:36:05
[end   : 2017-09-13 11:36:05]
[start : 2017-09-13 11:38:05]
  -- check : 2017-09-13 11:38:05
  -----> K_D_902_M0002_20170901.csv
  -- upload : 2017-09-13 11:38:17
  -----> K_D_902_M0002_20170901.csv
  -- consignors : 2017-09-13 11:39:52
[end   : 2017-09-13 11:39:52]
[start : 2017-09-13 11:43:05]
  -- check : 2017-09-13 11:43:05
  -----> K_D_902_M0002_20170901.csv
  -- upload : 2017-09-13 11:43:16
  -----> K_D_902_M0002_20170901.csv
  -- consignors : 2017-09-13 11:44:51
[end   : 2017-09-13 11:44:51]
[start : 2017-09-13 11:45:11]
  -- check : 2017-09-13 11:45:11
  -----> K_D_902_M0002_20170901.csv
  -- upload : 2017-09-13 11:45:22
  -----> K_D_902_M0002_20170901.csv
  -- consignors : 2017-09-13 11:46:57
[end   : 2017-09-13 11:46:57]
[start : 2017-09-13 11:51:06]
  -- check : 2017-09-13 11:51:06
  -----> K_D_902_M0002_20170901.csv
  -- upload : 2017-09-13 11:51:17
  -----> K_D_902_M0002_20170901.csv
  -- consignors : 2017-09-13 11:53:00
[end   : 2017-09-13 11:53:00]
[start : 2017-09-13 11:54:01]
  -- check : 2017-09-13 11:54:01
  -----> K_D_902_M0002_20170901.csv
  ------ called2017-09-13 11:54:01
  -- upload : 2017-09-13 11:54:12
  -----> K_D_902_M0002_20170901.csv
  -- consignors : 2017-09-13 11:55:50
[end   : 2017-09-13 11:55:50]
[start : 2017-09-13 11:58:05]
  -- check : 2017-09-13 11:58:05
  -----> K_D_902_M0002_20170901.csv
  ------ called 2017-09-13 11:58:05
  ------ ended [56450] 2017-09-13 11:58:11
  -- upload : 2017-09-13 11:58:16
  -----> K_D_902_M0002_20170901.csv
  -- consignors : 2017-09-13 11:59:51
[end   : 2017-09-13 11:59:51]
[start : 2017-09-13 12:03:55]
  -- check : 2017-09-13 12:03:55
  -----> K_D_902_M0002_20170901.csv
  ------ called 2017-09-13 12:03:55
  ------ ended [56450] 2017-09-13 12:04:02
  -- upload : 2017-09-13 12:04:07
  -----> K_D_902_M0002_20170901.csv
[start : 2017-09-13 12:05:59]
[end   : 2017-09-13 12:05:59]
[start : 2017-09-13 12:06:32]
  -- check : 2017-09-13 12:06:32
  -----> K_D_902_M0002_20170901.csv
  -- upload : 2017-09-13 12:06:42
  -----> K_D_902_M0002_20170901.csv
  -- consignors : 2017-09-13 12:07:53
[end   : 2017-09-13 12:07:53]
[start : 2017-09-13 12:30:41]
  -- check : 2017-09-13 12:30:41
  -----> K_D_902_M0002_20170901.csv
  -- upload : 2017-09-13 12:30:51
  -----> K_D_902_M0002_20170901.csv
  -- consignors : 2017-09-13 12:32:44
[end   : 2017-09-13 12:32:44]
[start : 2017-09-13 12:33:56]
  -- check : 2017-09-13 12:33:56
  -----> K_D_902_M0002_20170901.csv
  -- upload : 2017-09-13 12:34:09
  -----> K_D_902_M0002_20170901.csv
  -- consignors : 2017-09-13 12:36:00
[end   : 2017-09-13 12:36:00]
[start : 2017-09-13 12:36:41]
  -- check : 2017-09-13 12:36:41
  -----> K_D_902_M0002_20170901.csv
  -- upload : 2017-09-13 12:36:53
  -----> K_D_902_M0002_20170901.csv
  -- consignors : 2017-09-13 12:38:51
[end   : 2017-09-13 12:38:51]
[start : 2017-09-13 12:47:36]
  -- check : 2017-09-13 12:47:36
  -----> K_D_902_M0002_20170901.csv
  -- upload : 2017-09-13 12:47:47
  -----> K_D_902_M0002_20170901.csv
  -- consignors : 2017-09-13 12:49:35
[end   : 2017-09-13 12:49:35]
[start : 2017-09-13 12:50:17]
  -- check : 2017-09-13 12:50:17
  -----> K_D_902_M0002_20170901.csv
  -- upload : 2017-09-13 12:50:27
  -----> K_D_902_M0002_20170901.csv
  -- consignors : 2017-09-13 12:52:16
[end   : 2017-09-13 12:52:16]
[start : 2017-09-13 13:03:23]
  -- check : 2017-09-13 13:03:23
  -----> K_D_902_M0002_20170901.csv
  -- upload : 2017-09-13 13:03:34
  -----> K_D_902_M0002_20170901.csv
  -- consignors : 2017-09-13 13:05:25
[end   : 2017-09-13 13:05:25]
[start : 2017-09-13 13:07:38]
  -- check : 2017-09-13 13:07:38
  -----> K_D_902_M0002_20170901.csv
  -- upload : 2017-09-13 13:07:50
  -----> K_D_902_M0002_20170901.csv
  -- consignors : 2017-09-13 13:09:45
[end   : 2017-09-13 13:09:45]
[start : 2017-09-13 13:11:35]
  -- check : 2017-09-13 13:11:35
  -----> K_D_902_M0002_20170901.csv
  -- upload : 2017-09-13 13:11:47
  -----> K_D_902_M0002_20170901.csv
[start : 2017-09-13 13:17:43]
  -- check : 2017-09-13 13:17:43
  -----> K_D_902_M0002_20170901.csv
[start : 2017-09-13 13:18:16]
  -- check : 2017-09-13 13:18:16
  -----> K_D_902_M0002_20170901.csv
  -- upload : 2017-09-13 13:18:28
  -----> K_D_902_M0002_20170901.csv
  -- consignors : 2017-09-13 13:20:27
[end   : 2017-09-13 13:20:27]
[start : 2017-09-13 13:21:06]
  -- check : 2017-09-13 13:21:06
  -----> K_D_902_M0002_20170901.csv
  -- upload : 2017-09-13 13:21:17
  -----> K_D_902_M0002_20170901.csv
  -- consignors : 2017-09-13 13:23:15
[end   : 2017-09-13 13:23:15]
[start : 2017-09-13 13:25:04]
  -- check : 2017-09-13 13:25:04
  -----> K_D_902_M0002_20170901.csv
[start : 2017-09-13 13:25:11]
  -- check : 2017-09-13 13:25:11
  -----> K_D_902_M0002_20170901.csv
  -- upload : 2017-09-13 13:25:21
  -----> K_D_902_M0002_20170901.csv
  -- upload : 2017-09-13 13:25:49
  -----> K_D_902_M0002_20170901.csv
  -- consignors : 2017-09-13 13:29:23
[end   : 2017-09-13 13:29:23]
  -- consignors : 2017-09-13 13:29:29
[end   : 2017-09-13 13:29:29]
[start : 2017-09-13 13:33:05]
  -- check : 2017-09-13 13:33:05
  -----> K_D_902_M0002_20170901.csv
  -- upload : 2017-09-13 13:33:15
  -----> K_D_902_M0002_20170901.csv
  -- consignors : 2017-09-13 13:34:30
[end   : 2017-09-13 13:34:30]
[start : 2017-09-13 14:01:51]
  -- check : 2017-09-13 14:01:51
  -----> K_D_902_M0002_20170901.csv
  -- upload : 2017-09-13 14:02:03
  -----> K_D_902_M0002_20170901.csv
  -- consignors : 2017-09-13 14:03:42
[end   : 2017-09-13 14:03:42]
[start : 2017-09-13 14:04:56]
  -- check : 2017-09-13 14:04:56
  -----> K_D_902_M0002_20170901.csv
  -- upload : 2017-09-13 14:05:07
  -----> K_D_902_M0002_20170901.csv
  -- consignors : 2017-09-13 14:06:41
[end   : 2017-09-13 14:06:41]
[start : 2017-09-13 14:10:03]
  -- check : 2017-09-13 14:10:03
  -----> K_D_902_M0002_20170901.csv
  -- upload : 2017-09-13 14:10:14
  -----> K_D_902_M0002_20170901.csv
  -- consignors : 2017-09-13 14:11:47
[end   : 2017-09-13 14:11:47]
